<?xml version="1.0" encoding="UTF-8"?>
<!-- Generated by org.testng.reporters.JUnitReportReporter -->
<testsuite hostname="DESKTOP-SPMBGS0" failures="0" tests="1" name="HBTest.HudaRegTest" time="22.912" errors="0" timestamp="2023-07-20T12:12:00 IST" skipped="0">
  <testcase classname="HBTest.HudaRegTest" name="testing" time="22.912"/>
</testsuite> <!-- HBTest.HudaRegTest -->
